2018-07-23 08:41:55.371  INFO 73423 --- [main] c.e.javamsdemo1.JavamsDemo1Application   : Starting JavamsDemo1Application on yanglunyideMacBook-Pro.local with PID 73423 (/Users/yanglunyi/learn/code/javams-demo1/target/classes started by yanglunyi in /Users/yanglunyi/learn/code/javams-demo1)
2018-07-23 08:41:55.375  INFO 73423 --- [main] c.e.javamsdemo1.JavamsDemo1Application   : No active profile set, falling back to default profiles: default
2018-07-23 08:41:55.445  INFO 73423 --- [main] ationConfigEmbeddedWebApplicationContext : Refreshing org.springframework.boot.context.embedded.AnnotationConfigEmbeddedWebApplicationContext@1ea9f6af: startup date [Mon Jul 23 08:41:55 CST 2018]; root of context hierarchy
2018-07-23 08:41:56.419  INFO 73423 --- [main] s.b.c.e.t.TomcatEmbeddedServletContainer : Tomcat initialized with port(s): 10001 (http)
2018-07-23 08:41:56.428  INFO 73423 --- [main] o.apache.catalina.core.StandardService   : Starting service Tomcat
2018-07-23 08:41:56.429  INFO 73423 --- [main] org.apache.catalina.core.StandardEngine  : Starting Servlet Engine: Apache Tomcat/8.5.6
2018-07-23 08:41:56.503  INFO 73423 --- [localhost-startStop-1] o.a.c.c.C.[Tomcat].[localhost].[/]       : Initializing Spring embedded WebApplicationContext
2018-07-23 08:41:56.503  INFO 73423 --- [localhost-startStop-1] o.s.web.context.ContextLoader            : Root WebApplicationContext: initialization completed in 1061 ms
2018-07-23 08:41:56.612  INFO 73423 --- [localhost-startStop-1] o.s.b.w.servlet.ServletRegistrationBean  : Mapping servlet: 'dispatcherServlet' to [/]
2018-07-23 08:41:56.617  INFO 73423 --- [localhost-startStop-1] o.s.b.w.servlet.FilterRegistrationBean   : Mapping filter: 'characterEncodingFilter' to: [/*]
2018-07-23 08:41:56.618  INFO 73423 --- [localhost-startStop-1] o.s.b.w.servlet.FilterRegistrationBean   : Mapping filter: 'hiddenHttpMethodFilter' to: [/*]
2018-07-23 08:41:56.618  INFO 73423 --- [localhost-startStop-1] o.s.b.w.servlet.FilterRegistrationBean   : Mapping filter: 'httpPutFormContentFilter' to: [/*]
2018-07-23 08:41:56.618  INFO 73423 --- [localhost-startStop-1] o.s.b.w.servlet.FilterRegistrationBean   : Mapping filter: 'requestContextFilter' to: [/*]
2018-07-23 08:41:56.816  INFO 73423 --- [main] c.g.a.j.f.rpc.boot.RpcClientStarter      : @@@@@@注入成功
2018-07-23 08:41:56.841  INFO 73423 --- [main] c.g.a.j.f.rpc.boot.RpcServerStarter      : ServerConfig2{app='javams-demo1', group='ad', ownerName='1213', ownerPhone='138 2321 1111', registerCenterAddress=[], serviceConfigs=[ServiceConfig{address='127.0.0.1:9091', transportType='http', serializerType='json', weight=0}]}
2018-07-23 08:41:56.850  INFO 73423 --- [main] c.g.a.j.f.rpc.boot.RpcServerStarter      : #### service map :{helloProducer=com.example.javamsdemo1.producer.HelloProducer@22175d4f}
2018-07-23 08:41:56.860  INFO 73423 --- [main] c.g.a.j.f.r.s.i.ServerInvokerFactory     : service class com.example.javamsdemo1.producer.HelloProducer register
2018-07-23 08:41:56.864  INFO 73423 --- [main] c.g.a.j.f.r.s.i.ServerInvokerFactory     : ad#javams-demo1#com.example.javamsdemo1.producer.HelloProducer#sayHello#()#v1 serviceId:0
2018-07-23 08:41:56.864  INFO 73423 --- [main] c.g.a.j.f.r.s.i.ServerInvokerFactory     : 0
com.example.javamsdemo1.producer.HelloProducer@22175d4f
com.gexin.ad.javams.framework.rpc.server.invoke.AsAnInterfaceOnly
sayHello
2018-07-23 08:41:56.870  INFO 73423 --- [ForkJoinPool-1-worker-57] c.g.a.j.f.r.s.r.DirectConnectRegister    : DirectConnectRegister-0 初始化服务注册器:[]
2018-07-23 08:41:56.880  INFO 73423 --- [ForkJoinPool-1-worker-57] org.eclipse.jetty.util.log               : Logging initialized @2525ms
2018-07-23 08:41:56.914  INFO 73423 --- [ForkJoinPool-1-worker-57] org.eclipse.jetty.server.Server          : jetty-9.3.14.v20161028
2018-07-23 08:41:56.952  INFO 73423 --- [ForkJoinPool-1-worker-57] o.e.jetty.server.AbstractConnector       : Started ServerConnector@4bc0e8cc{HTTP/1.1,[http/1.1]}{0.0.0.0:9091}
2018-07-23 08:41:56.953  INFO 73423 --- [ForkJoinPool-1-worker-57] org.eclipse.jetty.server.Server          : Started @2599ms
2018-07-23 08:41:56.953  INFO 73423 --- [ForkJoinPool-1-worker-57] c.g.a.j.f.r.s.r.DirectConnectRegister    : DirectConnectRegister-0 注册服务器:ad#javams-demo1, protocol:HTTP, serverAddress:127.0.0.1:9091, weight:0
2018-07-23 08:41:57.122  INFO 73423 --- [main] s.w.s.m.m.a.RequestMappingHandlerAdapter : Looking for @ControllerAdvice: org.springframework.boot.context.embedded.AnnotationConfigEmbeddedWebApplicationContext@1ea9f6af: startup date [Mon Jul 23 08:41:55 CST 2018]; root of context hierarchy
2018-07-23 08:41:57.171  INFO 73423 --- [main] s.w.s.m.m.a.RequestMappingHandlerMapping : Mapped "{[/error]}" onto public org.springframework.http.ResponseEntity<java.util.Map<java.lang.String, java.lang.Object>> org.springframework.boot.autoconfigure.web.BasicErrorController.error(javax.servlet.http.HttpServletRequest)
2018-07-23 08:41:57.171  INFO 73423 --- [main] s.w.s.m.m.a.RequestMappingHandlerMapping : Mapped "{[/error],produces=[text/html]}" onto public org.springframework.web.servlet.ModelAndView org.springframework.boot.autoconfigure.web.BasicErrorController.errorHtml(javax.servlet.http.HttpServletRequest,javax.servlet.http.HttpServletResponse)
2018-07-23 08:41:57.195  INFO 73423 --- [main] o.s.w.s.handler.SimpleUrlHandlerMapping  : Mapped URL path [/webjars/**] onto handler of type [class org.springframework.web.servlet.resource.ResourceHttpRequestHandler]
2018-07-23 08:41:57.195  INFO 73423 --- [main] o.s.w.s.handler.SimpleUrlHandlerMapping  : Mapped URL path [/**] onto handler of type [class org.springframework.web.servlet.resource.ResourceHttpRequestHandler]
2018-07-23 08:41:57.225  INFO 73423 --- [main] o.s.w.s.handler.SimpleUrlHandlerMapping  : Mapped URL path [/**/favicon.ico] onto handler of type [class org.springframework.web.servlet.resource.ResourceHttpRequestHandler]
2018-07-23 08:41:57.357  INFO 73423 --- [main] o.s.j.e.a.AnnotationMBeanExporter        : Registering beans for JMX exposure on startup
2018-07-23 08:41:57.388  INFO 73423 --- [main] s.b.c.e.t.TomcatEmbeddedServletContainer : Tomcat started on port(s): 10001 (http)
2018-07-23 08:41:57.391  INFO 73423 --- [main] c.e.javamsdemo1.JavamsDemo1Application   : Started JavamsDemo1Application in 2.363 seconds (JVM running for 3.037)
2018-07-23 08:41:59.237  INFO 73423 --- [Thread-14] ationConfigEmbeddedWebApplicationContext : Closing org.springframework.boot.context.embedded.AnnotationConfigEmbeddedWebApplicationContext@1ea9f6af: startup date [Mon Jul 23 08:41:55 CST 2018]; root of context hierarchy
2018-07-23 08:41:59.239  INFO 73423 --- [Thread-14] o.s.j.e.a.AnnotationMBeanExporter        : Unregistering JMX-exposed beans on shutdown
2018-07-23 08:41:59.240  INFO 73423 --- [Thread-14] c.g.a.j.framework.rpc.server.RpcServer   : 成功关闭服务器: com.gexin.ad.javams.framework.rpc.server.transport.jetty.JettyHttpServer 127.0.0.1:9091
2018-07-23 09:05:58.363  INFO 73558 --- [main] c.e.javamsdemo1.JavamsDemo1Application   : Starting JavamsDemo1Application on yanglunyideMacBook-Pro.local with PID 73558 (/Users/yanglunyi/learn/code/javams-demo1/target/classes started by yanglunyi in /Users/yanglunyi/learn/code/javams-demo1)
2018-07-23 09:05:58.367  INFO 73558 --- [main] c.e.javamsdemo1.JavamsDemo1Application   : No active profile set, falling back to default profiles: default
2018-07-23 09:05:58.416  INFO 73558 --- [main] ationConfigEmbeddedWebApplicationContext : Refreshing org.springframework.boot.context.embedded.AnnotationConfigEmbeddedWebApplicationContext@1ea9f6af: startup date [Mon Jul 23 09:05:58 CST 2018]; root of context hierarchy
2018-07-23 09:05:59.036 ERROR 73558 --- [main] c.g.a.j.f.rpc.boot.RpcClientStarter      : rpc-client.yml 格式错误，无法开启RpcClient!

com.gexin.ad.javams.framework.rpc.common.config.ConfigException: 无法找到配置文件 rpc-configs/rpc-client.yml
	at com.gexin.ad.javams.framework.rpc.client.config.ClientConfig.reloadFromSpringBootResourceFolder(ClientConfig.java:70) ~[javams-framework-client-1.0.0.jar:na]
	at com.gexin.ad.javams.framework.rpc.boot.RpcClientStarter.postProcessBeanFactory(RpcClientStarter.java:52) ~[javams-framework-spring-boot-starter-1.0.0.jar:na]
	at org.springframework.context.support.PostProcessorRegistrationDelegate.invokeBeanFactoryPostProcessors(PostProcessorRegistrationDelegate.java:281) [spring-context-4.3.4.RELEASE.jar:4.3.4.RELEASE]
	at org.springframework.context.support.PostProcessorRegistrationDelegate.invokeBeanFactoryPostProcessors(PostProcessorRegistrationDelegate.java:169) [spring-context-4.3.4.RELEASE.jar:4.3.4.RELEASE]
	at org.springframework.context.support.AbstractApplicationContext.invokeBeanFactoryPostProcessors(AbstractApplicationContext.java:686) [spring-context-4.3.4.RELEASE.jar:4.3.4.RELEASE]
	at org.springframework.context.support.AbstractApplicationContext.refresh(AbstractApplicationContext.java:524) [spring-context-4.3.4.RELEASE.jar:4.3.4.RELEASE]
	at org.springframework.boot.context.embedded.EmbeddedWebApplicationContext.refresh(EmbeddedWebApplicationContext.java:122) [spring-boot-1.4.2.RELEASE.jar:1.4.2.RELEASE]
	at org.springframework.boot.SpringApplication.refresh(SpringApplication.java:761) [spring-boot-1.4.2.RELEASE.jar:1.4.2.RELEASE]
	at org.springframework.boot.SpringApplication.refreshContext(SpringApplication.java:371) [spring-boot-1.4.2.RELEASE.jar:1.4.2.RELEASE]
	at org.springframework.boot.SpringApplication.run(SpringApplication.java:315) [spring-boot-1.4.2.RELEASE.jar:1.4.2.RELEASE]
	at org.springframework.boot.SpringApplication.run(SpringApplication.java:1186) [spring-boot-1.4.2.RELEASE.jar:1.4.2.RELEASE]
	at org.springframework.boot.SpringApplication.run(SpringApplication.java:1175) [spring-boot-1.4.2.RELEASE.jar:1.4.2.RELEASE]
	at com.example.javamsdemo1.JavamsDemo1Application.main(JavamsDemo1Application.java:14) [classes/:na]

2018-07-23 09:05:59.308  INFO 73558 --- [main] s.b.c.e.t.TomcatEmbeddedServletContainer : Tomcat initialized with port(s): 10001 (http)
2018-07-23 09:05:59.315  INFO 73558 --- [main] o.apache.catalina.core.StandardService   : Starting service Tomcat
2018-07-23 09:05:59.315  INFO 73558 --- [main] org.apache.catalina.core.StandardEngine  : Starting Servlet Engine: Apache Tomcat/8.5.6
2018-07-23 09:05:59.376  INFO 73558 --- [localhost-startStop-1] o.a.c.c.C.[Tomcat].[localhost].[/]       : Initializing Spring embedded WebApplicationContext
2018-07-23 09:05:59.376  INFO 73558 --- [localhost-startStop-1] o.s.web.context.ContextLoader            : Root WebApplicationContext: initialization completed in 963 ms
2018-07-23 09:05:59.484  INFO 73558 --- [localhost-startStop-1] o.s.b.w.servlet.ServletRegistrationBean  : Mapping servlet: 'dispatcherServlet' to [/]
2018-07-23 09:05:59.488  INFO 73558 --- [localhost-startStop-1] o.s.b.w.servlet.FilterRegistrationBean   : Mapping filter: 'characterEncodingFilter' to: [/*]
2018-07-23 09:05:59.489  INFO 73558 --- [localhost-startStop-1] o.s.b.w.servlet.FilterRegistrationBean   : Mapping filter: 'hiddenHttpMethodFilter' to: [/*]
2018-07-23 09:05:59.489  INFO 73558 --- [localhost-startStop-1] o.s.b.w.servlet.FilterRegistrationBean   : Mapping filter: 'httpPutFormContentFilter' to: [/*]
2018-07-23 09:05:59.489  INFO 73558 --- [localhost-startStop-1] o.s.b.w.servlet.FilterRegistrationBean   : Mapping filter: 'requestContextFilter' to: [/*]
2018-07-23 09:05:59.517  WARN 73558 --- [main] ationConfigEmbeddedWebApplicationContext : Exception encountered during context initialization - cancelling refresh attempt: org.springframework.beans.factory.BeanCreationException: Error creating bean with name 'helloConsumer' defined in file [/Users/yanglunyi/learn/code/javams-demo1/target/classes/com/example/javamsdemo1/consumer/HelloConsumer.class]: Initialization of bean failed; nested exception is java.lang.NullPointerException
2018-07-23 09:05:59.519  INFO 73558 --- [main] o.apache.catalina.core.StandardService   : Stopping service Tomcat
2018-07-23 09:05:59.530  INFO 73558 --- [main] utoConfigurationReportLoggingInitializer : 

Error starting ApplicationContext. To display the auto-configuration report re-run your application with 'debug' enabled.
2018-07-23 09:05:59.534 ERROR 73558 --- [main] o.s.boot.SpringApplication               : Application startup failed

org.springframework.beans.factory.BeanCreationException: Error creating bean with name 'helloConsumer' defined in file [/Users/yanglunyi/learn/code/javams-demo1/target/classes/com/example/javamsdemo1/consumer/HelloConsumer.class]: Initialization of bean failed; nested exception is java.lang.NullPointerException
	at org.springframework.beans.factory.support.AbstractAutowireCapableBeanFactory.doCreateBean(AbstractAutowireCapableBeanFactory.java:562) ~[spring-beans-4.3.4.RELEASE.jar:4.3.4.RELEASE]
	at org.springframework.beans.factory.support.AbstractAutowireCapableBeanFactory.createBean(AbstractAutowireCapableBeanFactory.java:482) ~[spring-beans-4.3.4.RELEASE.jar:4.3.4.RELEASE]
	at org.springframework.beans.factory.support.AbstractBeanFactory$1.getObject(AbstractBeanFactory.java:306) ~[spring-beans-4.3.4.RELEASE.jar:4.3.4.RELEASE]
	at org.springframework.beans.factory.support.DefaultSingletonBeanRegistry.getSingleton(DefaultSingletonBeanRegistry.java:230) ~[spring-beans-4.3.4.RELEASE.jar:4.3.4.RELEASE]
	at org.springframework.beans.factory.support.AbstractBeanFactory.doGetBean(AbstractBeanFactory.java:302) ~[spring-beans-4.3.4.RELEASE.jar:4.3.4.RELEASE]
	at org.springframework.beans.factory.support.AbstractBeanFactory.getBean(AbstractBeanFactory.java:197) ~[spring-beans-4.3.4.RELEASE.jar:4.3.4.RELEASE]
	at org.springframework.beans.factory.support.DefaultListableBeanFactory.preInstantiateSingletons(DefaultListableBeanFactory.java:754) ~[spring-beans-4.3.4.RELEASE.jar:4.3.4.RELEASE]
	at org.springframework.context.support.AbstractApplicationContext.finishBeanFactoryInitialization(AbstractApplicationContext.java:866) ~[spring-context-4.3.4.RELEASE.jar:4.3.4.RELEASE]
	at org.springframework.context.support.AbstractApplicationContext.refresh(AbstractApplicationContext.java:542) ~[spring-context-4.3.4.RELEASE.jar:4.3.4.RELEASE]
	at org.springframework.boot.context.embedded.EmbeddedWebApplicationContext.refresh(EmbeddedWebApplicationContext.java:122) ~[spring-boot-1.4.2.RELEASE.jar:1.4.2.RELEASE]
	at org.springframework.boot.SpringApplication.refresh(SpringApplication.java:761) [spring-boot-1.4.2.RELEASE.jar:1.4.2.RELEASE]
	at org.springframework.boot.SpringApplication.refreshContext(SpringApplication.java:371) [spring-boot-1.4.2.RELEASE.jar:1.4.2.RELEASE]
	at org.springframework.boot.SpringApplication.run(SpringApplication.java:315) [spring-boot-1.4.2.RELEASE.jar:1.4.2.RELEASE]
	at org.springframework.boot.SpringApplication.run(SpringApplication.java:1186) [spring-boot-1.4.2.RELEASE.jar:1.4.2.RELEASE]
	at org.springframework.boot.SpringApplication.run(SpringApplication.java:1175) [spring-boot-1.4.2.RELEASE.jar:1.4.2.RELEASE]
	at com.example.javamsdemo1.JavamsDemo1Application.main(JavamsDemo1Application.java:14) [classes/:na]
Caused by: java.lang.NullPointerException: null
	at com.gexin.ad.javams.framework.rpc.boot.RpcClientStarter.tryInjectrpcServiceField(RpcClientStarter.java:133) ~[javams-framework-spring-boot-starter-1.0.0.jar:na]
	at com.gexin.ad.javams.framework.rpc.boot.RpcClientStarter.tryInjectrpcServiceField(RpcClientStarter.java:112) ~[javams-framework-spring-boot-starter-1.0.0.jar:na]
	at com.gexin.ad.javams.framework.rpc.boot.RpcClientStarter.postProcessBeforeInitialization(RpcClientStarter.java:92) ~[javams-framework-spring-boot-starter-1.0.0.jar:na]
	at org.springframework.beans.factory.support.AbstractAutowireCapableBeanFactory.applyBeanPostProcessorsBeforeInitialization(AbstractAutowireCapableBeanFactory.java:408) ~[spring-beans-4.3.4.RELEASE.jar:4.3.4.RELEASE]
	at org.springframework.beans.factory.support.AbstractAutowireCapableBeanFactory.initializeBean(AbstractAutowireCapableBeanFactory.java:1575) ~[spring-beans-4.3.4.RELEASE.jar:4.3.4.RELEASE]
	at org.springframework.beans.factory.support.AbstractAutowireCapableBeanFactory.doCreateBean(AbstractAutowireCapableBeanFactory.java:553) ~[spring-beans-4.3.4.RELEASE.jar:4.3.4.RELEASE]
	... 15 common frames omitted

2018-07-23 09:06:50.795  INFO 73571 --- [main] c.e.javamsdemo1.JavamsDemo1Application   : Starting JavamsDemo1Application on yanglunyideMacBook-Pro.local with PID 73571 (/Users/yanglunyi/learn/code/javams-demo1/target/classes started by yanglunyi in /Users/yanglunyi/learn/code/javams-demo1)
2018-07-23 09:06:50.798  INFO 73571 --- [main] c.e.javamsdemo1.JavamsDemo1Application   : No active profile set, falling back to default profiles: default
2018-07-23 09:06:50.856  INFO 73571 --- [main] ationConfigEmbeddedWebApplicationContext : Refreshing org.springframework.boot.context.embedded.AnnotationConfigEmbeddedWebApplicationContext@1ea9f6af: startup date [Mon Jul 23 09:06:50 CST 2018]; root of context hierarchy
2018-07-23 09:06:51.839  INFO 73571 --- [main] s.b.c.e.t.TomcatEmbeddedServletContainer : Tomcat initialized with port(s): 10001 (http)
2018-07-23 09:06:51.847  INFO 73571 --- [main] o.apache.catalina.core.StandardService   : Starting service Tomcat
2018-07-23 09:06:51.847  INFO 73571 --- [main] org.apache.catalina.core.StandardEngine  : Starting Servlet Engine: Apache Tomcat/8.5.6
2018-07-23 09:06:51.908  INFO 73571 --- [localhost-startStop-1] o.a.c.c.C.[Tomcat].[localhost].[/]       : Initializing Spring embedded WebApplicationContext
2018-07-23 09:06:51.908  INFO 73571 --- [localhost-startStop-1] o.s.web.context.ContextLoader            : Root WebApplicationContext: initialization completed in 1054 ms
2018-07-23 09:06:52.011  INFO 73571 --- [localhost-startStop-1] o.s.b.w.servlet.ServletRegistrationBean  : Mapping servlet: 'dispatcherServlet' to [/]
2018-07-23 09:06:52.015  INFO 73571 --- [localhost-startStop-1] o.s.b.w.servlet.FilterRegistrationBean   : Mapping filter: 'characterEncodingFilter' to: [/*]
2018-07-23 09:06:52.016  INFO 73571 --- [localhost-startStop-1] o.s.b.w.servlet.FilterRegistrationBean   : Mapping filter: 'hiddenHttpMethodFilter' to: [/*]
2018-07-23 09:06:52.016  INFO 73571 --- [localhost-startStop-1] o.s.b.w.servlet.FilterRegistrationBean   : Mapping filter: 'httpPutFormContentFilter' to: [/*]
2018-07-23 09:06:52.016  INFO 73571 --- [localhost-startStop-1] o.s.b.w.servlet.FilterRegistrationBean   : Mapping filter: 'requestContextFilter' to: [/*]
2018-07-23 09:06:52.196  INFO 73571 --- [main] c.g.a.j.f.rpc.boot.RpcClientStarter      : @@@@@@注入成功
2018-07-23 09:06:52.225  INFO 73571 --- [main] c.g.a.j.f.rpc.boot.RpcServerStarter      : ServerConfig2{app='javams-demo1', group='ad', ownerName='1213', ownerPhone='138 2321 1111', registerCenterAddress=[], serviceConfigs=[ServiceConfig{address='127.0.0.1:9091', transportType='http', serializerType='json', weight=0}]}
2018-07-23 09:06:52.235  INFO 73571 --- [main] c.g.a.j.f.rpc.boot.RpcServerStarter      : #### service map :{helloProducer=com.example.javamsdemo1.producer.HelloProducer@22175d4f}
2018-07-23 09:06:52.245  INFO 73571 --- [main] c.g.a.j.f.r.s.i.ServerInvokerFactory     : service class com.example.javamsdemo1.producer.HelloProducer register
2018-07-23 09:06:52.250  INFO 73571 --- [main] c.g.a.j.f.r.s.i.ServerInvokerFactory     : ad#javams-demo1#com.example.javamsdemo1.producer.HelloProducer#sayHello#()#v1 serviceId:0
2018-07-23 09:06:52.250  INFO 73571 --- [main] c.g.a.j.f.r.s.i.ServerInvokerFactory     : 0
com.example.javamsdemo1.producer.HelloProducer@22175d4f
com.gexin.ad.javams.framework.rpc.server.invoke.AsAnInterfaceOnly
sayHello
2018-07-23 09:06:52.256  INFO 73571 --- [ForkJoinPool-1-worker-57] c.g.a.j.f.r.s.r.DirectConnectRegister    : DirectConnectRegister-0 初始化服务注册器:[]
2018-07-23 09:06:52.264  INFO 73571 --- [ForkJoinPool-1-worker-57] org.eclipse.jetty.util.log               : Logging initialized @2175ms
2018-07-23 09:06:52.290  INFO 73571 --- [ForkJoinPool-1-worker-57] org.eclipse.jetty.server.Server          : jetty-9.3.14.v20161028
2018-07-23 09:06:52.324  INFO 73571 --- [ForkJoinPool-1-worker-57] o.e.jetty.server.AbstractConnector       : Started ServerConnector@5cd34267{HTTP/1.1,[http/1.1]}{0.0.0.0:9091}
2018-07-23 09:06:52.324  INFO 73571 --- [ForkJoinPool-1-worker-57] org.eclipse.jetty.server.Server          : Started @2237ms
2018-07-23 09:06:52.325  INFO 73571 --- [ForkJoinPool-1-worker-57] c.g.a.j.f.r.s.r.DirectConnectRegister    : DirectConnectRegister-0 注册服务器:ad#javams-demo1, protocol:HTTP, serverAddress:127.0.0.1:9091, weight:0
2018-07-23 09:06:52.488  INFO 73571 --- [main] s.w.s.m.m.a.RequestMappingHandlerAdapter : Looking for @ControllerAdvice: org.springframework.boot.context.embedded.AnnotationConfigEmbeddedWebApplicationContext@1ea9f6af: startup date [Mon Jul 23 09:06:50 CST 2018]; root of context hierarchy
2018-07-23 09:06:52.530  INFO 73571 --- [main] s.w.s.m.m.a.RequestMappingHandlerMapping : Mapped "{[/error]}" onto public org.springframework.http.ResponseEntity<java.util.Map<java.lang.String, java.lang.Object>> org.springframework.boot.autoconfigure.web.BasicErrorController.error(javax.servlet.http.HttpServletRequest)
2018-07-23 09:06:52.530  INFO 73571 --- [main] s.w.s.m.m.a.RequestMappingHandlerMapping : Mapped "{[/error],produces=[text/html]}" onto public org.springframework.web.servlet.ModelAndView org.springframework.boot.autoconfigure.web.BasicErrorController.errorHtml(javax.servlet.http.HttpServletRequest,javax.servlet.http.HttpServletResponse)
2018-07-23 09:06:52.554  INFO 73571 --- [main] o.s.w.s.handler.SimpleUrlHandlerMapping  : Mapped URL path [/webjars/**] onto handler of type [class org.springframework.web.servlet.resource.ResourceHttpRequestHandler]
2018-07-23 09:06:52.555  INFO 73571 --- [main] o.s.w.s.handler.SimpleUrlHandlerMapping  : Mapped URL path [/**] onto handler of type [class org.springframework.web.servlet.resource.ResourceHttpRequestHandler]
2018-07-23 09:06:52.582  INFO 73571 --- [main] o.s.w.s.handler.SimpleUrlHandlerMapping  : Mapped URL path [/**/favicon.ico] onto handler of type [class org.springframework.web.servlet.resource.ResourceHttpRequestHandler]
2018-07-23 09:06:52.711  INFO 73571 --- [main] o.s.j.e.a.AnnotationMBeanExporter        : Registering beans for JMX exposure on startup
2018-07-23 09:06:52.740  INFO 73571 --- [main] s.b.c.e.t.TomcatEmbeddedServletContainer : Tomcat started on port(s): 10001 (http)
2018-07-23 09:06:52.743  INFO 73571 --- [main] c.e.javamsdemo1.JavamsDemo1Application   : Started JavamsDemo1Application in 2.192 seconds (JVM running for 2.655)
2018-07-23 09:06:54.451  INFO 73571 --- [Thread-15] ationConfigEmbeddedWebApplicationContext : Closing org.springframework.boot.context.embedded.AnnotationConfigEmbeddedWebApplicationContext@1ea9f6af: startup date [Mon Jul 23 09:06:50 CST 2018]; root of context hierarchy
2018-07-23 09:06:54.454  INFO 73571 --- [Thread-15] o.s.j.e.a.AnnotationMBeanExporter        : Unregistering JMX-exposed beans on shutdown
2018-07-23 09:06:54.455  INFO 73571 --- [Thread-15] c.g.a.j.framework.rpc.server.RpcServer   : 成功关闭服务器: com.gexin.ad.javams.framework.rpc.server.transport.jetty.JettyHttpServer 127.0.0.1:9091
